<?xml version="1.0" encoding="UTF-8"?>
<!-- Generated by org.testng.reporters.JUnitXMLReporter -->
<testsuite ignored="0" hostname="BGM" failures="0" tests="4" name="ChromeTests" time="14.032" errors="0" timestamp="2025-05-16T03:46:35 GMT-07:00">
  <testcase classname="tests.LoginTest" name="testLogin3" time="0.728"/>
  <testcase classname="tests.LoginTest" name="testLogin1" time="0.62"/>
  <testcase classname="tests.LoginTest" name="testLogin2" time="0.632"/>
  <testcase classname="tests.LoginTest" name="testLogin4" time="0.61"/>
</testsuite> <!-- ChromeTests -->
