<?xml version="1.0" encoding="UTF-8"?>
<!-- Generated by org.testng.reporters.JUnitXMLReporter -->
<testsuite ignored="0" hostname="BGM" failures="0" tests="7" name="Test" time="17.209" errors="0" timestamp="2025-05-16T04:20:24 GMT-07:00">
  <testcase classname="tests.LoginTest" name="dTest" time="2.224"/>
  <testcase classname="tests.LoginTest" name="eTest" time="0.87"/>
  <testcase classname="tests.LoginTest" name="qTest" time="0.866"/>
  <testcase classname="tests.LoginTest" name="loginTest" time="4.492"/>
  <testcase classname="tests.LoginTest" name="bTest" time="7.003"/>
  <testcase classname="tests.LoginTest" name="aTest" time="0.656"/>
  <testcase classname="tests.LoginTest" name="cTest" time="9.218"/>
</testsuite> <!-- Test -->
